# 2026-02-02T12:32:57.096775200Z:
test_suite_meta_data {
  scheduled_test_case_count: 1
}
test_status: FAILED
test_result {
  test_case {
    test_class: "TipUITests"
    test_package: "com.example.tiptime"
    test_method: "calculate_20_percent_tip"
    start_time {
      seconds: 1770035576
      nanos: 438000000
    }
    end_time {
      seconds: 1770035576
      nanos: 569000000
    }
  }
  test_status: FAILED
  error {
    error_message: "java.lang.RuntimeException: java.util.concurrent.ExecutionException: java.lang.RuntimeException: java.lang.NoSuchMethodException: android.hardware.input.InputManager.getInstance []\nat androidx.test.espresso.Espresso.onIdle(Espresso.java:357)\nat androidx.test.espresso.Espresso.onIdle(Espresso.java:378)\nat androidx.compose.ui.test.EspressoLink_androidKt.runEspressoOnIdle(EspressoLink.android.kt:88)\nat androidx.compose.ui.test.EspressoLink.runUntilIdle(EspressoLink.android.kt:82)\nat androidx.compose.ui.test.AndroidComposeUiTestEnvironment.runTest(ComposeUiTest.android.kt:363)\nat androidx.compose.ui.test.junit4.AndroidComposeTestRule$apply$1.evaluate(AndroidComposeTestRule.android.kt:295)\nat org.junit.runners.ParentRunner$3.evaluate(ParentRunner.java:306)\nat org.junit.runners.BlockJUnit4ClassRunner$1.evaluate(BlockJUnit4ClassRunner.java:100)\nat org.junit.runners.ParentRunner.runLeaf(ParentRunner.java:366)\nat org.junit.runners.BlockJUnit4ClassRunner.runChild(BlockJUnit4ClassRunner.java:103)\nat org.junit.runners.BlockJUnit4ClassRunner.runChild(BlockJUnit4ClassRunner.java:63)\nat org.junit.runners.ParentRunner$4.run(ParentRunner.java:331)\nat org.junit.runners.ParentRunner$1.schedule(ParentRunner.java:79)\nat org.junit.runners.ParentRunner.runChildren(ParentRunner.java:329)\nat org.junit.runners.ParentRunner.access$100(ParentRunner.java:66)\nat org.junit.runners.ParentRunner$2.evaluate(ParentRunner.java:293)\nat org.junit.runners.ParentRunner$3.evaluate(ParentRunner.java:306)\nat org.junit.runners.ParentRunner.run(ParentRunner.java:413)\nat org.junit.runners.Suite.runChild(Suite.java:128)\nat org.junit.runners.Suite.runChild(Suite.java:27)\nat org.junit.runners.ParentRunner$4.run(ParentRunner.java:331)\nat org.junit.runners.ParentRunner$1.schedule(ParentRunner.java:79)\nat org.junit.runners.ParentRunner.runChildren(ParentRunner.java:329)\nat org.junit.runners.ParentRunner.access$100(ParentRunner.java:66)\nat org.junit.runners.ParentRunner$2.evaluate(ParentRunner.java:293)\nat org.junit.runners.ParentRunner$3.evaluate(ParentRunner.java:306)\nat org.junit.runners.ParentRunner.run(ParentRunner.java:413)\nat org.junit.runner.JUnitCore.run(JUnitCore.java:137)\nat org.junit.runner.JUnitCore.run(JUnitCore.java:115)\nat androidx.test.internal.runner.TestExecutor.execute(TestExecutor.java:68)\nat androidx.test.internal.runner.TestExecutor.execute(TestExecutor.java:59)\nat androidx.test.runner.AndroidJUnitRunner.onStart(AndroidJUnitRunner.java:463)\nat android.app.Instrumentation$InstrumentationThread.run(Instrumentation.java:2627)\nCaused by: java.util.concurrent.ExecutionException: java.lang.RuntimeException: java.lang.NoSuchMethodException: android.hardware.input.InputManager.getInstance []\nat java.util.concurrent.FutureTask.report(FutureTask.java:122)\nat java.util.concurrent.FutureTask.get(FutureTask.java:191)\nat androidx.test.espresso.Espresso.onIdle(Espresso.java:349)\n... 32 more\nCaused by: java.lang.RuntimeException: java.lang.NoSuchMethodException: android.hardware.input.InputManager.getInstance []\nat androidx.test.espresso.base.InputManagerEventInjectionStrategy.initialize(InputManagerEventInjectionStrategy.java:99)\nat androidx.test.espresso.base.BaseLayerModule.provideEventInjector(BaseLayerModule.java:128)\nat androidx.test.espresso.base.BaseLayerModule_ProvideEventInjectorFactory.provideEventInjector(BaseLayerModule_ProvideEventInjectorFactory.java:36)\nat androidx.test.espresso.base.BaseLayerModule_ProvideEventInjectorFactory.get(BaseLayerModule_ProvideEventInjectorFactory.java:28)\nat androidx.test.espresso.base.BaseLayerModule_ProvideEventInjectorFactory.get(BaseLayerModule_ProvideEventInjectorFactory.java:10)\nat androidx.test.espresso.core.internal.deps.dagger.internal.DoubleCheck.get(DoubleCheck.java:47)\nat androidx.test.espresso.base.UiControllerImpl_Factory.get(UiControllerImpl_Factory.java:52)\nat androidx.test.espresso.base.UiControllerImpl_Factory.get(UiControllerImpl_Factory.java:11)\nat androidx.test.espresso.core.internal.deps.dagger.internal.DoubleCheck.get(DoubleCheck.java:47)\nat androidx.test.espresso.base.UiControllerModule_ProvideUiControllerFactory.get(UiControllerModule_ProvideUiControllerFactory.java:34)\nat androidx.test.espresso.base.UiControllerModule_ProvideUiControllerFactory.get(UiControllerModule_ProvideUiControllerFactory.java:12)\nat androidx.test.espresso.core.internal.deps.dagger.internal.DoubleCheck.get(DoubleCheck.java:47)\nat androidx.test.espresso.DaggerBaseLayerComponent$BaseLayerComponentImpl.uiController(DaggerBaseLayerComponent.java:280)\nat androidx.test.espresso.Espresso.lambda$onIdle$2(Espresso.java:340)\nat androidx.test.espresso.Espresso$$ExternalSyntheticLambda1.call(D8$$SyntheticClass:0)\nat java.util.concurrent.FutureTask.run(FutureTask.java:317)\nat android.os.Handler.handleCallback(Handler.java:1070)\nat android.os.Handler.dispatchMessage(Handler.java:125)\nat android.os.Looper.dispatchMessage(Looper.java:333)\nat android.os.Looper.loopOnce(Looper.java:263)\nat android.os.Looper.loop(Looper.java:367)\nat android.app.ActivityThread.main(ActivityThread.java:9287)\nat java.lang.reflect.Method.invoke(Native Method)\nat com.android.internal.os.RuntimeInit$MethodAndArgsCaller.run(RuntimeInit.java:566)\nat com.android.internal.os.ZygoteInit.main(ZygoteInit.java:929)\nCaused by: java.lang.NoSuchMethodException: android.hardware.input.InputManager.getInstance []\nat java.lang.Class.getMethod(Class.java:2934)\nat java.lang.Class.getDeclaredMethod(Class.java:2913)\nat androidx.test.espresso.base.InputManagerEventInjectionStrategy.initialize(InputManagerEventInjectionStrategy.java:60)\n... 24 more\n"
    error_type: "java.util.concurrent.ExecutionException"
    stack_trace: "java.lang.RuntimeException: java.util.concurrent.ExecutionException: java.lang.RuntimeException: java.lang.NoSuchMethodException: android.hardware.input.InputManager.getInstance []\nat androidx.test.espresso.Espresso.onIdle(Espresso.java:357)\nat androidx.test.espresso.Espresso.onIdle(Espresso.java:378)\nat androidx.compose.ui.test.EspressoLink_androidKt.runEspressoOnIdle(EspressoLink.android.kt:88)\nat androidx.compose.ui.test.EspressoLink.runUntilIdle(EspressoLink.android.kt:82)\nat androidx.compose.ui.test.AndroidComposeUiTestEnvironment.runTest(ComposeUiTest.android.kt:363)\nat androidx.compose.ui.test.junit4.AndroidComposeTestRule$apply$1.evaluate(AndroidComposeTestRule.android.kt:295)\nat org.junit.runners.ParentRunner$3.evaluate(ParentRunner.java:306)\nat org.junit.runners.BlockJUnit4ClassRunner$1.evaluate(BlockJUnit4ClassRunner.java:100)\nat org.junit.runners.ParentRunner.runLeaf(ParentRunner.java:366)\nat org.junit.runners.BlockJUnit4ClassRunner.runChild(BlockJUnit4ClassRunner.java:103)\nat org.junit.runners.BlockJUnit4ClassRunner.runChild(BlockJUnit4ClassRunner.java:63)\nat org.junit.runners.ParentRunner$4.run(ParentRunner.java:331)\nat org.junit.runners.ParentRunner$1.schedule(ParentRunner.java:79)\nat org.junit.runners.ParentRunner.runChildren(ParentRunner.java:329)\nat org.junit.runners.ParentRunner.access$100(ParentRunner.java:66)\nat org.junit.runners.ParentRunner$2.evaluate(ParentRunner.java:293)\nat org.junit.runners.ParentRunner$3.evaluate(ParentRunner.java:306)\nat org.junit.runners.ParentRunner.run(ParentRunner.java:413)\nat org.junit.runners.Suite.runChild(Suite.java:128)\nat org.junit.runners.Suite.runChild(Suite.java:27)\nat org.junit.runners.ParentRunner$4.run(ParentRunner.java:331)\nat org.junit.runners.ParentRunner$1.schedule(ParentRunner.java:79)\nat org.junit.runners.ParentRunner.runChildren(ParentRunner.java:329)\nat org.junit.runners.ParentRunner.access$100(ParentRunner.java:66)\nat org.junit.runners.ParentRunner$2.evaluate(ParentRunner.java:293)\nat org.junit.runners.ParentRunner$3.evaluate(ParentRunner.java:306)\nat org.junit.runners.ParentRunner.run(ParentRunner.java:413)\nat org.junit.runner.JUnitCore.run(JUnitCore.java:137)\nat org.junit.runner.JUnitCore.run(JUnitCore.java:115)\nat androidx.test.internal.runner.TestExecutor.execute(TestExecutor.java:68)\nat androidx.test.internal.runner.TestExecutor.execute(TestExecutor.java:59)\nat androidx.test.runner.AndroidJUnitRunner.onStart(AndroidJUnitRunner.java:463)\nat android.app.Instrumentation$InstrumentationThread.run(Instrumentation.java:2627)\nCaused by: java.util.concurrent.ExecutionException: java.lang.RuntimeException: java.lang.NoSuchMethodException: android.hardware.input.InputManager.getInstance []\nat java.util.concurrent.FutureTask.report(FutureTask.java:122)\nat java.util.concurrent.FutureTask.get(FutureTask.java:191)\nat androidx.test.espresso.Espresso.onIdle(Espresso.java:349)\n... 32 more\nCaused by: java.lang.RuntimeException: java.lang.NoSuchMethodException: android.hardware.input.InputManager.getInstance []\nat androidx.test.espresso.base.InputManagerEventInjectionStrategy.initialize(InputManagerEventInjectionStrategy.java:99)\nat androidx.test.espresso.base.BaseLayerModule.provideEventInjector(BaseLayerModule.java:128)\nat androidx.test.espresso.base.BaseLayerModule_ProvideEventInjectorFactory.provideEventInjector(BaseLayerModule_ProvideEventInjectorFactory.java:36)\nat androidx.test.espresso.base.BaseLayerModule_ProvideEventInjectorFactory.get(BaseLayerModule_ProvideEventInjectorFactory.java:28)\nat androidx.test.espresso.base.BaseLayerModule_ProvideEventInjectorFactory.get(BaseLayerModule_ProvideEventInjectorFactory.java:10)\nat androidx.test.espresso.core.internal.deps.dagger.internal.DoubleCheck.get(DoubleCheck.java:47)\nat androidx.test.espresso.base.UiControllerImpl_Factory.get(UiControllerImpl_Factory.java:52)\nat androidx.test.espresso.base.UiControllerImpl_Factory.get(UiControllerImpl_Factory.java:11)\nat androidx.test.espresso.core.internal.deps.dagger.internal.DoubleCheck.get(DoubleCheck.java:47)\nat androidx.test.espresso.base.UiControllerModule_ProvideUiControllerFactory.get(UiControllerModule_ProvideUiControllerFactory.java:34)\nat androidx.test.espresso.base.UiControllerModule_ProvideUiControllerFactory.get(UiControllerModule_ProvideUiControllerFactory.java:12)\nat androidx.test.espresso.core.internal.deps.dagger.internal.DoubleCheck.get(DoubleCheck.java:47)\nat androidx.test.espresso.DaggerBaseLayerComponent$BaseLayerComponentImpl.uiController(DaggerBaseLayerComponent.java:280)\nat androidx.test.espresso.Espresso.lambda$onIdle$2(Espresso.java:340)\nat androidx.test.espresso.Espresso$$ExternalSyntheticLambda1.call(D8$$SyntheticClass:0)\nat java.util.concurrent.FutureTask.run(FutureTask.java:317)\nat android.os.Handler.handleCallback(Handler.java:1070)\nat android.os.Handler.dispatchMessage(Handler.java:125)\nat android.os.Looper.dispatchMessage(Looper.java:333)\nat android.os.Looper.loopOnce(Looper.java:263)\nat android.os.Looper.loop(Looper.java:367)\nat android.app.ActivityThread.main(ActivityThread.java:9287)\nat java.lang.reflect.Method.invoke(Native Method)\nat com.android.internal.os.RuntimeInit$MethodAndArgsCaller.run(RuntimeInit.java:566)\nat com.android.internal.os.ZygoteInit.main(ZygoteInit.java:929)\nCaused by: java.lang.NoSuchMethodException: android.hardware.input.InputManager.getInstance []\nat java.lang.Class.getMethod(Class.java:2934)\nat java.lang.Class.getDeclaredMethod(Class.java:2913)\nat androidx.test.espresso.base.InputManagerEventInjectionStrategy.initialize(InputManagerEventInjectionStrategy.java:60)\n... 24 more\n"
  }
  output_artifact {
    label {
      label: "logcat"
      namespace: "android"
    }
    source_path {
      path: "C:\\Users\\USER\\AndroidStudioProjects\\Calculator\\app\\build\\outputs\\androidTest-results\\connected\\debug\\Medium_Phone_API_36.1(AVD) - 16\\logcat-com.example.tiptime.TipUITests-calculate_20_percent_tip.txt"
    }
  }
  output_artifact {
    label {
      label: "device-info"
      namespace: "android"
    }
    source_path {
      path: "C:\\Users\\USER\\AndroidStudioProjects\\Calculator\\app\\build\\outputs\\androidTest-results\\connected\\debug\\Medium_Phone_API_36.1(AVD) - 16\\device-info.pb"
    }
  }
  output_artifact {
    label {
      label: "device-info.meminfo"
      namespace: "android"
    }
    source_path {
      path: "C:\\Users\\USER\\AndroidStudioProjects\\Calculator\\app\\build\\outputs\\androidTest-results\\connected\\debug\\Medium_Phone_API_36.1(AVD) - 16\\meminfo"
    }
  }
  output_artifact {
    label {
      label: "device-info.cpuinfo"
      namespace: "android"
    }
    source_path {
      path: "C:\\Users\\USER\\AndroidStudioProjects\\Calculator\\app\\build\\outputs\\androidTest-results\\connected\\debug\\Medium_Phone_API_36.1(AVD) - 16\\cpuinfo"
    }
  }
}
output_artifact {
  label {
    label: "test-results.log"
    namespace: "com.google.testing.platform.runtime.android.driver.AndroidInstrumentationDriver"
  }
  source_path {
    path: "C:\\Users\\USER\\AndroidStudioProjects\\Calculator\\app\\build\\outputs\\androidTest-results\\connected\\debug\\Medium_Phone_API_36.1(AVD) - 16\\testlog\\test-results.log"
  }
  type: TEST_DATA
  mime_type: "text/plain"
}
